TN:
SF:script/DeployManualToken.s.sol
DA:8,0
FN:8,DeployManualToken.run
FNDA:0,DeployManualToken.run
DA:9,0
DA:10,0
DA:11,0
DA:12,0
FNF:1
FNH:0
LF:5
LH:0
BRF:0
BRH:0
end_of_record
TN:
SF:src/ManualToken.sol
DA:43,4
FN:43,ManualToken.constructor
FNDA:4,ManualToken.constructor
DA:48,4
DA:49,4
DA:50,4
DA:51,4
DA:54,4
DA:57,4
FN:57,ManualToken.balanceOf
FNDA:4,ManualToken.balanceOf
DA:58,4
DA:61,1
FN:61,ManualToken._transfer
FNDA:1,ManualToken._transfer
DA:62,1
DA:63,0
BRDA:63,0,0,-
DA:64,1
BRDA:64,1,0,-
DA:66,1
DA:67,1
DA:69,1
DA:73,1
FN:73,ManualToken.transfer
FNDA:1,ManualToken.transfer
DA:74,1
DA:75,1
DA:78,0
FN:78,ManualToken.allowance
FNDA:0,ManualToken.allowance
DA:82,0
DA:84,0
FN:84,ManualToken.approve
FNDA:0,ManualToken.approve
DA:85,0
BRDA:85,2,0,-
DA:86,0
DA:87,0
DA:88,0
DA:91,0
FN:91,ManualToken.transferFrom
FNDA:0,ManualToken.transferFrom
DA:96,0
DA:97,0
BRDA:97,3,0,-
DA:98,0
DA:99,0
DA:100,0
DA:101,0
DA:104,1
FN:104,ManualToken.name
FNDA:1,ManualToken.name
DA:105,1
DA:108,1
FN:108,ManualToken.symbol
FNDA:1,ManualToken.symbol
DA:109,1
DA:111,1
FN:111,ManualToken.decimals
FNDA:1,ManualToken.decimals
DA:112,1
DA:114,1
FN:114,ManualToken.totalSupply
FNDA:1,ManualToken.totalSupply
DA:115,1
FNF:11
FNH:8
LF:40
LH:25
BRF:4
BRH:0
end_of_record
